<?xml version="1.0" encoding="UTF-8"?>
<testng-results skipped="0" failed="0" total="1" passed="1">
  <reporter-output>
  </reporter-output>
  <suite name="Command line suite" duration-ms="256" started-at="2016-03-22T09:57:14Z" finished-at="2016-03-22T09:57:15Z">
    <groups>
    </groups>
    <test name="Command line test" duration-ms="256" started-at="2016-03-22T09:57:14Z" finished-at="2016-03-22T09:57:15Z">
      <class name="zerozero.com.preorder.test.AppTest">
        <test-method status="PASS" signature="testApp()[pri:0, instance:testApp(zerozero.com.preorder.test.AppTest)]" name="testApp" duration-ms="1" started-at="2016-03-22T17:57:15Z" finished-at="2016-03-22T17:57:15Z">
          <reporter-output>
          </reporter-output>
        </test-method> <!-- testApp -->
      </class> <!-- zerozero.com.preorder.test.AppTest -->
    </test> <!-- Command line test -->
  </suite> <!-- Command line suite -->
</testng-results>
